<?xml version="1.0" encoding="UTF-8"?>
<testsuite name="blackout.Task1ExampleTests" tests="3" skipped="0" failures="0" errors="0" timestamp="2022-10-07T09:52:44" hostname="VELLIETY" time="0.025">
  <properties/>
  <testcase name="testExample()" classname="blackout.Task1ExampleTests" time="0.019"/>
  <testcase name="basicFileSupport()" classname="blackout.Task1ExampleTests" time="0.001"/>
  <testcase name="testDelete()" classname="blackout.Task1ExampleTests" time="0.004"/>
  <system-out><![CDATA[Mine: [Satellite1]
[Satellite1]
]]></system-out>
  <system-err><![CDATA[]]></system-err>
</testsuite>
